[2020-12-27 02:11:37,516] INFO Starting the log cleaner (kafka.log.LogCleaner)
[2020-12-27 02:11:37,566] INFO [kafka-log-cleaner-thread-0]: Starting (kafka.log.LogCleaner)
[2020-12-28 16:41:15,880] INFO Shutting down the log cleaner. (kafka.log.LogCleaner)
[2020-12-28 16:41:15,885] INFO [kafka-log-cleaner-thread-0]: Shutting down (kafka.log.LogCleaner)
[2020-12-28 16:41:15,885] INFO [kafka-log-cleaner-thread-0]: Stopped (kafka.log.LogCleaner)
[2020-12-28 16:41:15,885] INFO [kafka-log-cleaner-thread-0]: Shutdown completed (kafka.log.LogCleaner)
[2020-12-28 16:43:04,118] INFO Starting the log cleaner (kafka.log.LogCleaner)
[2020-12-28 16:43:04,205] INFO [kafka-log-cleaner-thread-0]: Starting (kafka.log.LogCleaner)
[2020-12-28 21:00:04,254] INFO Shutting down the log cleaner. (kafka.log.LogCleaner)
[2020-12-28 21:00:04,258] INFO [kafka-log-cleaner-thread-0]: Shutting down (kafka.log.LogCleaner)
[2020-12-28 21:00:04,258] INFO [kafka-log-cleaner-thread-0]: Stopped (kafka.log.LogCleaner)
[2020-12-28 21:00:04,258] INFO [kafka-log-cleaner-thread-0]: Shutdown completed (kafka.log.LogCleaner)
[2020-12-28 21:00:21,767] INFO Starting the log cleaner (kafka.log.LogCleaner)
[2020-12-28 21:00:21,823] INFO [kafka-log-cleaner-thread-0]: Starting (kafka.log.LogCleaner)
[2021-04-05 22:37:04,982] INFO Starting the log cleaner (kafka.log.LogCleaner)
[2021-04-05 22:37:05,046] INFO [kafka-log-cleaner-thread-0]: Starting (kafka.log.LogCleaner)
[2021-04-05 23:02:27,051] INFO Shutting down the log cleaner. (kafka.log.LogCleaner)
[2021-04-05 23:02:27,056] INFO [kafka-log-cleaner-thread-0]: Shutting down (kafka.log.LogCleaner)
[2021-04-05 23:02:27,056] INFO [kafka-log-cleaner-thread-0]: Stopped (kafka.log.LogCleaner)
[2021-04-05 23:02:27,056] INFO [kafka-log-cleaner-thread-0]: Shutdown completed (kafka.log.LogCleaner)
[2021-04-05 23:02:38,622] INFO Starting the log cleaner (kafka.log.LogCleaner)
[2021-04-05 23:02:38,670] INFO [kafka-log-cleaner-thread-0]: Starting (kafka.log.LogCleaner)
[2021-04-05 23:25:40,396] INFO Starting the log cleaner (kafka.log.LogCleaner)
[2021-04-05 23:25:40,454] INFO [kafka-log-cleaner-thread-0]: Starting (kafka.log.LogCleaner)
[2021-04-05 23:25:41,522] INFO Shutting down the log cleaner. (kafka.log.LogCleaner)
[2021-04-05 23:25:41,523] INFO [kafka-log-cleaner-thread-0]: Shutting down (kafka.log.LogCleaner)
[2021-04-05 23:25:41,523] INFO [kafka-log-cleaner-thread-0]: Stopped (kafka.log.LogCleaner)
[2021-04-05 23:25:41,523] INFO [kafka-log-cleaner-thread-0]: Shutdown completed (kafka.log.LogCleaner)
[2021-04-05 23:25:54,695] INFO Starting the log cleaner (kafka.log.LogCleaner)
[2021-04-05 23:25:54,747] INFO [kafka-log-cleaner-thread-0]: Starting (kafka.log.LogCleaner)
[2021-04-06 00:11:36,176] INFO Shutting down the log cleaner. (kafka.log.LogCleaner)
[2021-04-06 00:11:36,180] INFO [kafka-log-cleaner-thread-0]: Shutting down (kafka.log.LogCleaner)
[2021-04-06 00:11:36,180] INFO [kafka-log-cleaner-thread-0]: Stopped (kafka.log.LogCleaner)
[2021-04-06 00:11:36,180] INFO [kafka-log-cleaner-thread-0]: Shutdown completed (kafka.log.LogCleaner)
[2021-04-06 00:12:50,100] INFO Starting the log cleaner (kafka.log.LogCleaner)
[2021-04-06 00:12:50,152] INFO [kafka-log-cleaner-thread-0]: Starting (kafka.log.LogCleaner)
[2021-04-06 09:42:53,439] INFO Shutting down the log cleaner. (kafka.log.LogCleaner)
[2021-04-06 09:42:53,444] INFO [kafka-log-cleaner-thread-0]: Shutting down (kafka.log.LogCleaner)
[2021-04-06 09:42:53,445] INFO [kafka-log-cleaner-thread-0]: Stopped (kafka.log.LogCleaner)
[2021-04-06 09:42:53,445] INFO [kafka-log-cleaner-thread-0]: Shutdown completed (kafka.log.LogCleaner)
[2021-04-06 09:43:27,830] INFO Starting the log cleaner (kafka.log.LogCleaner)
[2021-04-06 09:43:27,904] INFO [kafka-log-cleaner-thread-0]: Starting (kafka.log.LogCleaner)
